<?xml version="1.0" encoding="utf-8"?>
<CoverageSession>
  <Summary numSequencePoints="28" visitedSequencePoints="28" numBranchPoints="8" visitedBranchPoints="8" sequenceCoverage="100" branchCoverage="100" maxCyclomaticComplexity="8" minCyclomaticComplexity="0" visitedClasses="1" numClasses="1" visitedMethods="2" numMethods="2" />
  <Modules>
    <Module hash="C35BE86B-9ECF-402A-AD5F-8D9FE303FF17">
      <ModulePath>ValidatorAbstractions.dll</ModulePath>
      <ModuleTime>2020-12-29T04:34:33</ModuleTime>
      <ModuleName>ValidatorAbstractions</ModuleName>
      <Files />
      <Classes />
    </Module>
    <Module hash="2CE45624-A7EA-4E2C-9374-3A24F4CAF627">
      <ModulePath>Portugal.Niss.Validator.dll</ModulePath>
      <ModuleTime>2020-12-29T04:34:33</ModuleTime>
      <ModuleName>Portugal.Niss.Validator</ModuleName>
      <Files>
        <File uid="1" fullPath="/Users/nunocancelo/Projects/document-number-validator/src/Portugal.Niss.Validator/NissValidator.cs" />
      </Files>
      <Classes>
        <Class>
          <Summary numSequencePoints="28" visitedSequencePoints="28" numBranchPoints="8" visitedBranchPoints="8" sequenceCoverage="100" branchCoverage="100" maxCyclomaticComplexity="6" minCyclomaticComplexity="2" visitedClasses="1" numClasses="1" visitedMethods="2" numMethods="2" />
          <FullName>Portugal.Niss.Validator.NissValidator</FullName>
          <Methods>
            <Method cyclomaticComplexity="6" nPathComplexity="0" sequenceCoverage="100" branchCoverage="100" isConstructor="False" isGetter="False" isSetter="False" isStatic="True">
              <Summary numSequencePoints="13" visitedSequencePoints="13" numBranchPoints="6" visitedBranchPoints="6" sequenceCoverage="100" branchCoverage="100" maxCyclomaticComplexity="6" minCyclomaticComplexity="6" visitedClasses="0" numClasses="0" visitedMethods="1" numMethods="1" />
              <MetadataToken />
              <Name>System.Boolean Portugal.Niss.Validator.NissValidator::Validate(System.String)</Name>
              <FileRef uid="1" />
              <SequencePoints>
                <SequencePoint vc="6" uspid="10" ordinal="0" sl="10" sc="1" el="10" ec="2" bec="0" bev="0" fileid="1" />
                <SequencePoint vc="6" uspid="11" ordinal="1" sl="11" sc="1" el="11" ec="2" bec="2" bev="2" fileid="1" />
                <SequencePoint vc="1" uspid="12" ordinal="2" sl="12" sc="1" el="12" ec="2" bec="0" bev="0" fileid="1" />
                <SequencePoint vc="1" uspid="13" ordinal="3" sl="13" sc="1" el="13" ec="2" bec="0" bev="0" fileid="1" />
                <SequencePoint vc="5" uspid="15" ordinal="4" sl="15" sc="1" el="15" ec="2" bec="2" bev="2" fileid="1" />
                <SequencePoint vc="2" uspid="16" ordinal="5" sl="16" sc="1" el="16" ec="2" bec="0" bev="0" fileid="1" />
                <SequencePoint vc="2" uspid="17" ordinal="6" sl="17" sc="1" el="17" ec="2" bec="0" bev="0" fileid="1" />
                <SequencePoint vc="3" uspid="20" ordinal="7" sl="20" sc="1" el="20" ec="2" bec="0" bev="0" fileid="1" />
                <SequencePoint vc="3" uspid="22" ordinal="8" sl="22" sc="1" el="22" ec="2" bec="2" bev="2" fileid="1" />
                <SequencePoint vc="2" uspid="23" ordinal="9" sl="23" sc="1" el="23" ec="2" bec="0" bev="0" fileid="1" />
                <SequencePoint vc="2" uspid="24" ordinal="10" sl="24" sc="1" el="24" ec="2" bec="0" bev="0" fileid="1" />
                <SequencePoint vc="1" uspid="27" ordinal="11" sl="27" sc="1" el="27" ec="2" bec="0" bev="0" fileid="1" />
                <SequencePoint vc="6" uspid="28" ordinal="12" sl="28" sc="1" el="28" ec="2" bec="0" bev="0" fileid="1" />
              </SequencePoints>
              <BranchPoints>
                <BranchPoint vc="1" uspid="11" ordinal="0" path="0" offset="7" offsetend="9" sl="11" fileid="1" />
                <BranchPoint vc="5" uspid="11" ordinal="1" path="1" offset="7" offsetend="14" sl="11" fileid="1" />
                <BranchPoint vc="2" uspid="15" ordinal="2" path="0" offset="34" offsetend="36" sl="15" fileid="1" />
                <BranchPoint vc="3" uspid="15" ordinal="3" path="1" offset="34" offsetend="41" sl="15" fileid="1" />
                <BranchPoint vc="2" uspid="22" ordinal="4" path="0" offset="59" offsetend="61" sl="22" fileid="1" />
                <BranchPoint vc="1" uspid="22" ordinal="5" path="1" offset="59" offsetend="66" sl="22" fileid="1" />
              </BranchPoints>
              <MethodPoint vc="13" uspid="0" p8:type="SequencePoint" ordinal="0" offset="0" sc="0" sl="10" ec="1" el="28" bec="0" bev="0" fileid="1" xmlns:p8="xsi" />
            </Method>
            <Method cyclomaticComplexity="2" nPathComplexity="0" sequenceCoverage="100" branchCoverage="100" isConstructor="False" isGetter="False" isSetter="False" isStatic="True">
              <Summary numSequencePoints="15" visitedSequencePoints="15" numBranchPoints="2" visitedBranchPoints="2" sequenceCoverage="100" branchCoverage="100" maxCyclomaticComplexity="2" minCyclomaticComplexity="2" visitedClasses="0" numClasses="0" visitedMethods="1" numMethods="1" />
              <MetadataToken />
              <Name>System.Boolean Portugal.Niss.Validator.NissValidator::ValidateNiss(System.Int64)</Name>
              <FileRef uid="1" />
              <SequencePoints>
                <SequencePoint vc="1" uspid="31" ordinal="0" sl="31" sc="1" el="31" ec="2" bec="0" bev="0" fileid="1" />
                <SequencePoint vc="1" uspid="32" ordinal="1" sl="32" sc="1" el="32" ec="2" bec="0" bev="0" fileid="1" />
                <SequencePoint vc="1" uspid="34" ordinal="2" sl="34" sc="1" el="34" ec="2" bec="0" bev="0" fileid="1" />
                <SequencePoint vc="1" uspid="35" ordinal="3" sl="35" sc="1" el="35" ec="2" bec="0" bev="0" fileid="1" />
                <SequencePoint vc="1" uspid="36" ordinal="4" sl="36" sc="1" el="36" ec="2" bec="0" bev="0" fileid="1" />
                <SequencePoint vc="24" uspid="38" ordinal="5" sl="38" sc="1" el="38" ec="2" bec="2" bev="2" fileid="1" />
                <SequencePoint vc="11" uspid="39" ordinal="6" sl="39" sc="1" el="39" ec="2" bec="0" bev="0" fileid="1" />
                <SequencePoint vc="11" uspid="40" ordinal="7" sl="40" sc="1" el="40" ec="2" bec="0" bev="0" fileid="1" />
                <SequencePoint vc="11" uspid="41" ordinal="8" sl="41" sc="1" el="41" ec="2" bec="0" bev="0" fileid="1" />
                <SequencePoint vc="11" uspid="42" ordinal="9" sl="42" sc="1" el="42" ec="2" bec="0" bev="0" fileid="1" />
                <SequencePoint vc="11" uspid="43" ordinal="10" sl="43" sc="1" el="43" ec="2" bec="0" bev="0" fileid="1" />
                <SequencePoint vc="1" uspid="44" ordinal="11" sl="44" sc="1" el="44" ec="2" bec="0" bev="0" fileid="1" />
                <SequencePoint vc="1" uspid="45" ordinal="12" sl="45" sc="1" el="45" ec="2" bec="0" bev="0" fileid="1" />
                <SequencePoint vc="1" uspid="46" ordinal="13" sl="46" sc="1" el="46" ec="2" bec="0" bev="0" fileid="1" />
                <SequencePoint vc="1" uspid="47" ordinal="14" sl="47" sc="1" el="47" ec="2" bec="0" bev="0" fileid="1" />
              </SequencePoints>
              <BranchPoints>
                <BranchPoint vc="11" uspid="38" ordinal="1" path="1" offset="76" offsetend="34" sl="38" fileid="1" />
                <BranchPoint vc="1" uspid="38" ordinal="0" path="0" offset="76" offsetend="78" sl="38" fileid="1" />
              </BranchPoints>
              <MethodPoint vc="15" uspid="0" p8:type="SequencePoint" ordinal="1" offset="1" sc="0" sl="31" ec="1" el="47" bec="0" bev="0" fileid="1" xmlns:p8="xsi" />
            </Method>
          </Methods>
        </Class>
      </Classes>
    </Module>
  </Modules>
</CoverageSession>